82
99.0 99.0 99.0
99.0 99.0 99.0
4.0 4.0 4.0
3.0 3.0 3.0
92.0 92.0 92.0
5.0 5.0 5.0
92.0 92.0 92.0
97.0 97.0 97.0
91.0 91.0 91.0
12.0 12.0 12.0
66.0 66.0 66.0
92.0 92.0 92.0
61.0 61.0 61.0
67.0 67.0 67.0
87.0 87.0 87.0
99.0 99.0 99.0
10.0 10.0 10.0
100.0 100.0 100.0
48.0 48.0 48.0
3.0 3.0 3.0
77.0 77.0 77.0
11.0 11.0 11.0
3.0 3.0 3.0
100.0 100.0 100.0
98.0 98.0 98.0
80.0 80.0 80.0
26.0 26.0 26.0
93.0 93.0 93.0
31.0 31.0 31.0
95.0 95.0 95.0
99.0 99.0 99.0
95.0 95.0 95.0
99.0 99.0 99.0
73.0 73.0 73.0
14.0 14.0 14.0
90.0 90.0 90.0
62.0 62.0 62.0
100.0 100.0 100.0
77.0 77.0 77.0
0.0 0.0 0.0
2.0 2.0 2.0
100.0 100.0 100.0
26.0 26.0 26.0
100.0 100.0 100.0
74.0 74.0 74.0
0.0 0.0 0.0
15.0 15.0 15.0
0.0 0.0 0.0
100.0 100.0 100.0
74.0 74.0 74.0
90.0 90.0 90.0
13.0 13.0 13.0
99.0 99.0 99.0
98.0 98.0 98.0
3.0 3.0 3.0
2.0 2.0 2.0
14.0 14.0 14.0
97.0 97.0 97.0
0.0 0.0 0.0
0.0 0.0 0.0
2.0 2.0 2.0
2.0 2.0 2.0
0.0 0.0 0.0
0.0 0.0 0.0
2.0 2.0 2.0
65.0 65.0 65.0
0.0 0.0 0.0
38.0 38.0 38.0
34.0 34.0 34.0
1.0 1.0 1.0
78.0 78.0 78.0
90.0 90.0 90.0
62.0 62.0 62.0
96.0 96.0 96.0
99.0 99.0 99.0
96.0 96.0 96.0
95.0 95.0 95.0
1.0 1.0 1.0
37.0 37.0 37.0
99.0 99.0 99.0
99.0 99.0 99.0
8.0 8.0 8.0
